<?xml version="1.0" encoding="UTF-8"?>
<!-- Generated by org.testng.reporters.JUnitReportReporter -->
<testsuite hostname="Sharmins-MBP" failures="0" tests="1" name="com.example.Actiomdemo" time="6.015" errors="0" timestamp="2023-09-03T11:33:52 EDT" skipped="0">
  <testcase classname="com.example.Actiomdemo" name="actiondemo" time="6.015"/>
</testsuite> <!-- com.example.Actiomdemo -->
