<?xml version="1.0" encoding="UTF-8"?>
<!-- Generated by org.testng.reporters.JUnitReportReporter -->
<testsuite hostname="Sharmins-MBP" failures="0" tests="1" name="com.example.Amazon" time="5.091" errors="0" timestamp="2023-08-26T21:27:25 EDT" skipped="0">
  <testcase classname="com.example.Amazon" name="testamazon" time="5.091"/>
</testsuite> <!-- com.example.Amazon -->
