<?xml version="1.0" encoding="UTF-8"?>
<!-- Generated by org.testng.reporters.JUnitReportReporter -->
<testsuite hostname="Sharmins-MBP" failures="0" tests="1" name="com.example.Window_demo_web" time="5.236" errors="0" timestamp="2023-09-03T20:47:12 EDT" skipped="0">
  <testcase classname="com.example.Window_demo_web" name="windowdemo" time="5.236"/>
</testsuite> <!-- com.example.Window_demo_web -->
