<?xml version="1.0" encoding="UTF-8"?>
<!-- Generated by org.testng.reporters.JUnitReportReporter -->
<testsuite hostname="Sharmins-MBP" failures="0" tests="1" name="com.example.Multiwindow" time="7.606" errors="0" timestamp="2023-08-25T18:41:31 EDT" skipped="0">
  <testcase classname="com.example.Multiwindow" name="window" time="7.606"/>
</testsuite> <!-- com.example.Multiwindow -->
