<?xml version="1.0" encoding="UTF-8"?>
<!-- Generated by org.testng.reporters.JUnitReportReporter -->
<testsuite hostname="Sharmins-MBP" failures="0" tests="1" name="com.example.Window2" time="6.626" errors="0" timestamp="2023-08-26T21:10:25 EDT" skipped="0">
  <testcase classname="com.example.Window2" name="alert" time="6.626"/>
</testsuite> <!-- com.example.Window2 -->
