<?xml version="1.0" encoding="UTF-8"?>
<!-- Generated by org.testng.reporters.JUnitReportReporter -->
<testsuite hostname="Sharmins-MacBook-Pro.local" failures="0" tests="1" name="com.example.Celender" time="6.201" errors="0" timestamp="2023-09-19T20:41:44 EDT" skipped="0">
  <testcase classname="com.example.Celender" name="celender" time="6.201"/>
</testsuite> <!-- com.example.Celender -->
