<?xml version="1.0" encoding="UTF-8"?>
<!-- Generated by org.testng.reporters.JUnitReportReporter -->
<testsuite hostname="Sharmins-MBP" failures="0" tests="1" name="testcase.Invalid_test" time="0.181" errors="0" timestamp="2023-09-21T22:09:32 EDT" skipped="0">
  <testcase classname="testcase.Invalid_test" name="invaledTest" time="0.181"/>
</testsuite> <!-- testcase.Invalid_test -->
