<?xml version="1.0" encoding="UTF-8"?>
<!-- Generated by org.testng.reporters.JUnitReportReporter -->
<testsuite hostname="Sharmins-MBP" failures="0" tests="1" name="com.example.Islahiart" time="13.811" errors="0" timestamp="2023-10-01T17:22:06 EDT" skipped="0">
  <testcase classname="com.example.Islahiart" name="selectwomens" time="13.811"/>
</testsuite> <!-- com.example.Islahiart -->
