<?xml version="1.0" encoding="UTF-8"?>
<!-- Generated by org.testng.reporters.JUnitReportReporter -->
<testsuite hostname="Sharmins-MBP" failures="0" tests="1" name="com.example.Celenderreturn" time="3.978" errors="0" timestamp="2023-09-09T14:59:54 EDT" skipped="0">
  <testcase classname="com.example.Celenderreturn" name="celender" time="3.978"/>
</testsuite> <!-- com.example.Celenderreturn -->
