<?xml version="1.0" encoding="UTF-8"?>
<!-- Generated by org.testng.reporters.JUnitReportReporter -->
<testsuite hostname="Sharmins-MBP" failures="0" tests="1" name="com.example.Webswitchcase" time="10.470" errors="0" timestamp="2023-09-01T17:19:37 EDT" skipped="0">
  <testcase classname="com.example.Webswitchcase" name="casedriver" time="10.470"/>
</testsuite> <!-- com.example.Webswitchcase -->
