<?xml version="1.0" encoding="UTF-8"?>
<!-- Generated by org.testng.reporters.JUnitReportReporter -->
<testsuite hostname="Sharmins-MBP" failures="0" tests="1" name="com.example.Browsertest" time="3.774" errors="0" timestamp="2023-09-20T21:20:46 EDT" skipped="0">
  <testcase classname="com.example.Browsertest" name="browser" time="3.774"/>
</testsuite> <!-- com.example.Browsertest -->
