<?xml version="1.0" encoding="UTF-8"?>
<!-- Generated by org.testng.reporters.JUnitReportReporter -->
<testsuite hostname="Sharmins-MBP" failures="0" tests="3" name="testcase.Browsertest" time="11.905" errors="0" timestamp="2023-10-06T20:35:26 EDT" skipped="0">
  <testcase classname="testcase.Browsertest" name="testcase" time="4.811"/>
  <testcase classname="testcase.Browsertest" name="invalid" time="4.855"/>
  <testcase classname="testcase.Browsertest" name="invalid2" time="2.239"/>
</testsuite> <!-- testcase.Browsertest -->
