<?xml version="1.0" encoding="UTF-8"?>
<!-- Generated by org.testng.reporters.JUnitReportReporter -->
<testsuite hostname="Sharmins-MBP" failures="0" tests="1" name="com.example.DragNdrop" time="2.945" errors="0" timestamp="2023-09-03T15:44:53 EDT" skipped="0">
  <testcase classname="com.example.DragNdrop" name="dragdrop" time="2.945"/>
</testsuite> <!-- com.example.DragNdrop -->
