<?xml version="1.0" encoding="UTF-8"?>
<!-- Generated by org.testng.reporters.JUnitReportReporter -->
<testsuite hostname="Sharmins-MBP" failures="0" tests="1" name="com.example.WebDriver_Demo" time="6.427" errors="0" timestamp="2023-08-12T21:13:03 EDT" skipped="0">
  <testcase classname="com.example.WebDriver_Demo" name="browser" time="6.427"/>
</testsuite> <!-- com.example.WebDriver_Demo -->
