<?xml version="1.0" encoding="UTF-8"?>
<!-- Generated by org.testng.reporters.JUnitReportReporter -->
<testsuite hostname="Sharmins-MBP" failures="0" tests="1" name="com.example.Alert_demo_web" time="3.354" errors="0" timestamp="2023-08-23T21:37:43 EDT" skipped="0">
  <testcase classname="com.example.Alert_demo_web" name="alertdemo" time="3.354"/>
</testsuite> <!-- com.example.Alert_demo_web -->
