<?xml version="1.0" encoding="UTF-8"?>
<!-- Generated by org.testng.reporters.JUnitReportReporter -->
<testsuite hostname="Sharmins-MBP" failures="0" tests="3" name="com.example.MethodTestNg" time="7.502" errors="0" timestamp="2023-09-18T20:01:55 EDT" skipped="0">
  <testcase classname="com.example.MethodTestNg" name="login3" time="3.023"/>
  <testcase classname="com.example.MethodTestNg" name="login" time="2.232"/>
  <testcase classname="com.example.MethodTestNg" name="login2" time="2.247"/>
</testsuite> <!-- com.example.MethodTestNg -->
