<?xml version="1.0" encoding="UTF-8"?>
<!-- Generated by org.testng.reporters.JUnitReportReporter -->
<testsuite hostname="Sharmins-MBP" failures="0" tests="3" name="testcase.Excel_test" time="21.858" errors="0" timestamp="2023-10-23T17:00:29 EDT" skipped="0">
  <testcase classname="testcase.Excel_test" name="test" time="6.192"/>
  <testcase classname="testcase.Excel_test" name="test" time="6.096"/>
  <testcase classname="testcase.Excel_test" name="test" time="9.570"/>
</testsuite> <!-- testcase.Excel_test -->
