<?xml version="1.0" encoding="UTF-8"?>
<!-- Generated by org.testng.reporters.JUnitReportReporter -->
<testsuite hostname="Sharmins-MBP" failures="0" tests="1" name="com.example.Crossbrowsertesting" time="10.472" errors="0" timestamp="2023-09-01T21:03:12 EDT" skipped="0">
  <testcase classname="com.example.Crossbrowsertesting" name="crossbrower" time="10.472"/>
</testsuite> <!-- com.example.Crossbrowsertesting -->
