<?xml version="1.0" encoding="UTF-8"?>
<!-- Generated by org.testng.reporters.JUnitReportReporter -->
<testsuite hostname="Sharmins-MBP" failures="0" tests="1" name="com.example.Testcountry" time="1.167" errors="0" timestamp="2023-09-13T22:15:13 EDT" skipped="0">
  <testcase classname="com.example.Testcountry" name="test" time="1.167"/>
</testsuite> <!-- com.example.Testcountry -->
