<?xml version="1.0" encoding="UTF-8"?>
<!-- Generated by org.testng.reporters.JUnitReportReporter -->
<testsuite hostname="Sharmins-MBP" failures="0" tests="1" name="com.example.MakemyTrip" time="20.016" errors="0" timestamp="2023-09-08T21:40:30 EDT" skipped="0">
  <testcase classname="com.example.MakemyTrip" name="makemytrip" time="20.016"/>
</testsuite> <!-- com.example.MakemyTrip -->
