<?xml version="1.0" encoding="UTF-8"?>
<!-- Generated by org.testng.reporters.JUnitReportReporter -->
<testsuite hostname="Sharmins-MBP" failures="0" tests="1" name="com.example.Test1" time="4.936" errors="0" timestamp="2023-08-15T19:48:01 EDT" skipped="0">
  <testcase classname="com.example.Test1" name="webtest" time="4.936"/>
</testsuite> <!-- com.example.Test1 -->
